This is pdfTeX, Version 3.14159265-2.6-1.40.16 (TeX Live 2015) (preloaded format=pdflatex 2015.5.24)  5 DEC 2016 12:02
entering extended mode
 restricted \write18 enabled.
 %&-line parsing enabled.
**nasty-brutish-short.tex
(./nasty-brutish-short.tex
LaTeX2e <2015/01/01>
Babel <3.9l> and hyphenation patterns for 79 languages loaded.
(/usr/local/texlive/2015/texmf-dist/tex/latex/base/article.cls
Document Class: article 2014/09/29 v1.4h Standard LaTeX document class
(/usr/local/texlive/2015/texmf-dist/tex/latex/base/size10.clo
File: size10.clo 2014/09/29 v1.4h Standard LaTeX file (size option)
)
\c@part=\count79
\c@section=\count80
\c@subsection=\count81
\c@subsubsection=\count82
\c@paragraph=\count83
\c@subparagraph=\count84
\c@figure=\count85
\c@table=\count86
\abovecaptionskip=\skip41
\belowcaptionskip=\skip42
\bibindent=\dimen102
) (./aaai17.sty
Conference Style for AAAI for LaTeX 2e -- version of 1 January 2017
\titlebox=\skip43
) (/usr/local/texlive/2015/texmf-dist/tex/latex/psnfss/times.sty
Package: times 2005/04/12 PSNFSS-v9.2a (SPQR) 
)
(/usr/local/texlive/2015/texmf-dist/tex/latex/psnfss/helvet.sty
Package: helvet 2005/04/12 PSNFSS-v9.2a (WaS) 

(/usr/local/texlive/2015/texmf-dist/tex/latex/graphics/keyval.sty
Package: keyval 2014/10/28 v1.15 key=value parser (DPC)
\KV@toks@=\toks14
))
(/usr/local/texlive/2015/texmf-dist/tex/latex/psnfss/courier.sty
Package: courier 2005/04/12 PSNFSS-v9.2a (WaS) 
)
(./nasty-brutish-short.aux)
\openout1 = `nasty-brutish-short.aux'.

LaTeX Font Info:    Checking defaults for OML/cmm/m/it on input line 16.
LaTeX Font Info:    ... okay on input line 16.
LaTeX Font Info:    Checking defaults for T1/cmr/m/n on input line 16.
LaTeX Font Info:    ... okay on input line 16.
LaTeX Font Info:    Checking defaults for OT1/cmr/m/n on input line 16.
LaTeX Font Info:    ... okay on input line 16.
LaTeX Font Info:    Checking defaults for OMS/cmsy/m/n on input line 16.
LaTeX Font Info:    ... okay on input line 16.
LaTeX Font Info:    Checking defaults for OMX/cmex/m/n on input line 16.
LaTeX Font Info:    ... okay on input line 16.
LaTeX Font Info:    Checking defaults for U/cmr/m/n on input line 16.
LaTeX Font Info:    ... okay on input line 16.
LaTeX Font Info:    Try loading font information for OT1+ptm on input line 16.

(/usr/local/texlive/2015/texmf-dist/tex/latex/psnfss/ot1ptm.fd
File: ot1ptm.fd 2001/06/04 font definitions for OT1/ptm.
)
LaTeX Font Info:    Font shape `OT1/ptm/bx/n' in size <14.4> not available
(Font)              Font shape `OT1/ptm/b/n' tried instead on input line 27.
LaTeX Font Info:    External font `cmex10' loaded for size
(Font)              <7> on input line 27.
LaTeX Font Info:    External font `cmex10' loaded for size
(Font)              <5> on input line 27.
LaTeX Font Info:    Font shape `OT1/ptm/bx/n' in size <12> not available
(Font)              Font shape `OT1/ptm/b/n' tried instead on input line 27.
LaTeX Font Info:    Try loading font information for OMS+ptm on input line 27.

(/usr/local/texlive/2015/texmf-dist/tex/latex/psnfss/omsptm.fd
File: omsptm.fd 
)
LaTeX Font Info:    Font shape `OMS/ptm/m/n' in size <9> not available
(Font)              Font shape `OMS/cmsy/m/n' tried instead on input line 27.
LaTeX Font Info:    Font shape `OT1/ptm/bx/n' in size <10> not available
(Font)              Font shape `OT1/ptm/b/n' tried instead on input line 28.


LaTeX Warning: Citation `pew-Twitter-news' on page 1 undefined on input line 44
.

Missing character: There is no â in font ptmr7t!
Missing character: There is no € in font ptmr7t!
Missing character: There is no ™ in font ptmr7t!
LaTeX Font Info:    Font shape `OT1/ptm/bx/n' in size <10.95> not available
(Font)              Font shape `OT1/ptm/b/n' tried instead on input line 55.

LaTeX Warning: Citation `goldhaber1997attention' on page 1 undefined on input l
ine 56.


LaTeX Warning: Citation `election-fatigue' on page 1 undefined on input line 56
.


LaTeX Warning: Citation `suler2004online' on page 1 undefined on input line 60.


Missing character: There is no â in font ptmr7t!
Missing character: There is no € in font ptmr7t!
Missing character: There is no ™ in font ptmr7t!

LaTeX Warning: Citation `berger2012makes' on page 1 undefined on input line 62.



LaTeX Warning: Citation `berger2012makes' on page 1 undefined on input line 66.


[1{/usr/local/texlive/2015/texmf-var/fonts/map/pdftex/updmap/pdftex.map}



]
LaTeX Font Info:    Font shape `OMS/ptm/m/n' in size <10> not available
(Font)              Font shape `OMS/cmsy/m/n' tried instead on input line 73.


LaTeX Warning: Citation `goldhaber1997attention' on page 2 undefined on input l
ine 73.


LaTeX Warning: Citation `berger2012makes' on page 2 undefined on input line 74.



LaTeX Warning: Citation `berger2012makes' on page 2 undefined on input line 75.



Underfull \hbox (badness 1033) in paragraph at lines 79--80
[]\OT1/ptm/m/n/10 For each of these three in-de-pen-dent vari-ables (story
 []

[2]
LaTeX Font Info:    External font `cmex10' loaded for size
(Font)              <12> on input line 131.
LaTeX Font Info:    External font `cmex10' loaded for size
(Font)              <8> on input line 131.
LaTeX Font Info:    External font `cmex10' loaded for size
(Font)              <6> on input line 131.
LaTeX Font Info:    Font shape `OT1/ptm/bx/n' in size <8> not available
(Font)              Font shape `OT1/ptm/b/n' tried instead on input line 131.

Underfull \hbox (badness 1776) in paragraph at lines 141--142
\OT1/ptm/m/n/10 fit within the spec-i-fied height al-lowed, put \OMS/cmsy/m/n/1
0 n\OT1/ptm/m/n/10 setlength
 []

LaTeX Font Info:    External font `cmex10' loaded for size
(Font)              <9> on input line 154.

Underfull \hbox (badness 10000) in paragraph at lines 145--184
\OMS/cmsy/m/n/9 n\OT1/ptm/m/n/9 setlength\OMS/cmsy/m/n/9 fn\OT1/ptm/m/n/9 pdfpa
gewidth\OMS/cmsy/m/n/9 gf\OT1/ptm/m/n/9 8.5in\OMS/cmsy/m/n/9 g
 []

LaTeX Font Info:    External font `cmex10' loaded for size
(Font)              <10.95> on input line 186.
[3]
Underfull \hbox (badness 10000) in paragraph at lines 201--208

 []


Underfull \hbox (badness 1281) in paragraph at lines 210--211
\OT1/ptm/m/n/10 The fol-low-ing pack-ages are in-com-pat-i-ble with aaai.sty
 []


Underfull \hbox (badness 3333) in paragraph at lines 250--254
[]\OT1/ptm/m/n/10 This com-mand is usu-ally suf-fi-cient to change the
 []


Underfull \hbox (badness 3965) in paragraph at lines 250--254
\OT1/ptm/m/n/10 for-mat. Some-times, how-ever, it may not work. Use
 []


Underfull \hbox (badness 2035) in paragraph at lines 265--266
\OT1/ptm/m/n/10 in-clude \OMS/cmsy/m/n/10 n\OT1/ptm/m/n/10 columnsep, \OMS/cmsy
/m/n/10 n\OT1/ptm/m/n/10 topmargin, \OMS/cmsy/m/n/10 n\OT1/ptm/m/n/10 topskip, 
\OMS/cmsy/m/n/10 n\OT1/ptm/m/n/10 textheight,
 []

[4]
LaTeX Font Info:    Font shape `OT1/ptm/bx/n' in size <7> not available
(Font)              Font shape `OT1/ptm/b/n' tried instead on input line 285.

Underfull \hbox (badness 1264) in paragraph at lines 285--287
 \OT1/ptm/b/n/10 Ob-tain-ing Type 1 Com-puter Mod-ern for L[]T[]X. \OT1/ptm/m/n
/10 If
 []


Underfull \hbox (badness 1281) in paragraph at lines 285--287
\OT1/ptm/m/n/10 pa-per (you can-not use it for the text) you may need
 []


Underfull \hbox (badness 1092) in paragraph at lines 338--341
\OT1/ptm/m/n/10 If the ti-tle and au-thor in-for-ma-tion does not fit in the
 []

LaTeX Font Info:    Try loading font information for OT1+pcr on input line 343.

(/usr/local/texlive/2015/texmf-dist/tex/latex/psnfss/ot1pcr.fd
File: ot1pcr.fd 2001/06/04 font definitions for OT1/pcr.
)
Underfull \hbox (badness 1231) in paragraph at lines 343--346
\OT1/ptm/m/n/10 The copy-right no-tice au-to-mat-i-cally ap-pears if you use
 []

[5]
Underfull \hbox (badness 3209) in paragraph at lines 392--393
 \OT1/ptm/b/n/10 Sec-tion Head-ings. \OT1/ptm/m/n/10 Sec-tions should be ar-ran
ged and
 []


Underfull \hbox (badness 1248) in paragraph at lines 395--396
\OT1/ptm/m/n/10 ``Ac-knowl-edg-ments." This sec-tion in-cludes ac-knowl-edg-
 []


Underfull \hbox (badness 2158) in paragraph at lines 398--399
 \OT1/ptm/b/n/10 Ap-pen-dices. \OT1/ptm/m/n/10 Any ap-pen-dices fol-low the ac-
knowl-edg-
 []


Underfull \hbox (badness 2035) in paragraph at lines 401--402
 \OT1/ptm/b/n/10 Ref-er-ences \OT1/ptm/m/n/10 The ref-er-ences sec-tion should 
be la-beled
 []


Underfull \hbox (badness 10000) in paragraph at lines 409--410
 \OT1/ptm/b/n/10 Low-Resolution Bitmaps. \OT1/ptm/m/n/10 You may not use low-
 []


Underfull \hbox (badness 5403) in paragraph at lines 409--410
\OT1/ptm/m/n/10 resolution (such as 72 dpi) screen-dumps and GIF
 []

[6] [7]
Underfull \hbox (badness 1028) in paragraph at lines 534--535
\OT1/ptm/m/n/10 L[]T[]X is a dif-fi-cult pro-gram to mas-ter. If you've used
 []


Underfull \hbox (badness 1389) in paragraph at lines 534--535
\OT1/ptm/m/n/10 that soft-ware, and this doc-u-ment didn't help or some
 []


Underfull \hbox (badness 1087) in paragraph at lines 534--535
\OT1/ptm/m/n/10 2002/08/13) about ob-tain-ing cor-rect PS/PDF out-put on
 []

[8] (./nasty-brutish-short.aux) ) 
Here is how much of TeX's memory you used:
 448 strings out of 493089
 5910 string characters out of 6134842
 65651 words of memory out of 5000000
 3964 multiletter control sequences out of 15000+600000
 31388 words of font info for 60 fonts, out of 8000000 for 9000
 1141 hyphenation exceptions out of 8191
 23i,10n,20p,948b,242s stack positions out of 5000i,500n,10000p,200000b,80000s
{/usr/local/texlive/2015/texmf-dist/fonts/enc/
dvips/base/8r.enc}</usr/local/texlive/2015/texmf-dist/fonts/type1/public/amsfon
ts/cm/cmsy10.pfb></usr/local/texlive/2015/texmf-dist/fonts/type1/public/amsfont
s/cm/cmsy9.pfb></usr/local/texlive/2015/texmf-dist/fonts/type1/urw/courier/ucrr
8a.pfb></usr/local/texlive/2015/texmf-dist/fonts/type1/urw/times/utmb8a.pfb></u
sr/local/texlive/2015/texmf-dist/fonts/type1/urw/times/utmr8a.pfb></usr/local/t
exlive/2015/texmf-dist/fonts/type1/urw/times/utmri8a.pfb>
Output written on nasty-brutish-short.pdf (8 pages, 108675 bytes).
PDF statistics:
 56 PDF objects out of 1000 (max. 8388607)
 39 compressed objects within 1 object stream
 0 named destinations out of 1000 (max. 500000)
 1 words of extra memory for PDF output out of 10000 (max. 10000000)

